<?xml version="1.0" encoding="UTF-8"?>
<testsuite xmlns:xsi="http://www.w3.org/2001/XMLSchema-instance" xsi:noNamespaceSchemaLocation="https://maven.apache.org/surefire/maven-surefire-plugin/xsd/surefire-test-report-3.0.xsd" version="3.0" name="com.CapaDominio.Entidades.ClienteTest" time="0.044" tests="6" errors="0" skipped="0" failures="0">
  <properties>
[...]
</properties>
  <testcase name="constructorRechazaInvalido" classname="com.CapaDominio.Entidades.ClienteTest" time="0.012"/>
  <testcase name="reactivar" classname="com.CapaDominio.Entidades.ClienteTest" time="0.003"/>
  <testcase name="esMayorDeEdad" classname="com.CapaDominio.Entidades.ClienteTest" time="0.004"/>
  <testcase name="asignarElCuit" classname="com.CapaDominio.Entidades.ClienteTest" time="0.007"/>
  <testcase name="darDeBaja" classname="com.CapaDominio.Entidades.ClienteTest" time="0.005"/>
  <testcase name="constructorValido" classname="com.CapaDominio.Entidades.ClienteTest" time="0.001"/>
</testsuite>